{"C:\\Users\\Eris\\Documents\\vn-badwords\\src\\lib\\blacklist.ts": {"path":"C:\\Users\\Eris\\Documents\\vn-badwords\\src\\lib\\blacklist.ts","all":false,"statementMap":{"0":{"start":{"line":1,"column":0},"end":{"line":1,"column":39}},"1":{"start":{"line":2,"column":0},"end":{"line":2,"column":0}},"2":{"start":{"line":3,"column":0},"end":{"line":3,"column":24}},"3":{"start":{"line":4,"column":0},"end":{"line":4,"column":7}},"4":{"start":{"line":5,"column":0},"end":{"line":5,"column":43}},"5":{"start":{"line":6,"column":0},"end":{"line":6,"column":18}},"6":{"start":{"line":7,"column":0},"end":{"line":7,"column":7}},"7":{"start":{"line":8,"column":0},"end":{"line":8,"column":33}},"8":{"start":{"line":9,"column":0},"end":{"line":9,"column":0}},"9":{"start":{"line":10,"column":0},"end":{"line":10,"column":7}},"10":{"start":{"line":11,"column":0},"end":{"line":11,"column":47}},"11":{"start":{"line":12,"column":0},"end":{"line":12,"column":19}},"12":{"start":{"line":13,"column":0},"end":{"line":13,"column":7}},"13":{"start":{"line":14,"column":0},"end":{"line":14,"column":33}},"14":{"start":{"line":15,"column":0},"end":{"line":15,"column":0}},"15":{"start":{"line":16,"column":0},"end":{"line":16,"column":7}},"16":{"start":{"line":17,"column":0},"end":{"line":17,"column":70}},"17":{"start":{"line":18,"column":0},"end":{"line":18,"column":44}},"18":{"start":{"line":19,"column":0},"end":{"line":19,"column":43}},"19":{"start":{"line":20,"column":0},"end":{"line":20,"column":21}},"20":{"start":{"line":21,"column":0},"end":{"line":21,"column":7}},"21":{"start":{"line":22,"column":0},"end":{"line":22,"column":31}},"22":{"start":{"line":23,"column":0},"end":{"line":23,"column":1}},"23":{"start":{"line":24,"column":0},"end":{"line":24,"column":0}},"24":{"start":{"line":25,"column":0},"end":{"line":25,"column":77}},"25":{"start":{"line":26,"column":0},"end":{"line":26,"column":0}},"26":{"start":{"line":27,"column":0},"end":{"line":27,"column":52}},"27":{"start":{"line":28,"column":0},"end":{"line":28,"column":37}},"28":{"start":{"line":29,"column":0},"end":{"line":29,"column":1}},"29":{"start":{"line":30,"column":0},"end":{"line":30,"column":0}},"30":{"start":{"line":31,"column":0},"end":{"line":31,"column":42}},"31":{"start":{"line":32,"column":0},"end":{"line":32,"column":14}},"32":{"start":{"line":33,"column":0},"end":{"line":33,"column":21}},"33":{"start":{"line":34,"column":0},"end":{"line":34,"column":20}},"34":{"start":{"line":35,"column":0},"end":{"line":35,"column":2}},"35":{"start":{"line":36,"column":0},"end":{"line":36,"column":0}},"36":{"start":{"line":37,"column":0},"end":{"line":37,"column":72}},"37":{"start":{"line":38,"column":0},"end":{"line":38,"column":23}},"38":{"start":{"line":39,"column":0},"end":{"line":39,"column":31}},"39":{"start":{"line":40,"column":0},"end":{"line":40,"column":5}},"40":{"start":{"line":41,"column":0},"end":{"line":41,"column":0}},"41":{"start":{"line":42,"column":0},"end":{"line":42,"column":32}},"42":{"start":{"line":43,"column":0},"end":{"line":43,"column":16}},"43":{"start":{"line":44,"column":0},"end":{"line":44,"column":31}},"44":{"start":{"line":45,"column":0},"end":{"line":45,"column":37}},"45":{"start":{"line":46,"column":0},"end":{"line":46,"column":10}},"46":{"start":{"line":47,"column":0},"end":{"line":47,"column":5}},"47":{"start":{"line":48,"column":0},"end":{"line":48,"column":0}},"48":{"start":{"line":49,"column":0},"end":{"line":49,"column":29}},"49":{"start":{"line":50,"column":0},"end":{"line":50,"column":37}},"50":{"start":{"line":51,"column":0},"end":{"line":51,"column":73}},"51":{"start":{"line":52,"column":0},"end":{"line":52,"column":35}},"52":{"start":{"line":53,"column":0},"end":{"line":53,"column":16}},"53":{"start":{"line":54,"column":0},"end":{"line":54,"column":10}},"54":{"start":{"line":55,"column":0},"end":{"line":55,"column":6}},"55":{"start":{"line":56,"column":0},"end":{"line":56,"column":0}},"56":{"start":{"line":57,"column":0},"end":{"line":57,"column":12}},"57":{"start":{"line":58,"column":0},"end":{"line":58,"column":27}},"58":{"start":{"line":59,"column":0},"end":{"line":59,"column":23}},"59":{"start":{"line":60,"column":0},"end":{"line":60,"column":35}},"60":{"start":{"line":61,"column":0},"end":{"line":61,"column":5}},"61":{"start":{"line":62,"column":0},"end":{"line":62,"column":1}},"62":{"start":{"line":63,"column":0},"end":{"line":63,"column":0}},"63":{"start":{"line":64,"column":0},"end":{"line":64,"column":108}},"64":{"start":{"line":65,"column":0},"end":{"line":65,"column":27}},"65":{"start":{"line":66,"column":0},"end":{"line":66,"column":66}},"66":{"start":{"line":67,"column":0},"end":{"line":67,"column":5}},"67":{"start":{"line":68,"column":0},"end":{"line":68,"column":0}},"68":{"start":{"line":69,"column":0},"end":{"line":69,"column":41}},"69":{"start":{"line":70,"column":0},"end":{"line":70,"column":0}},"70":{"start":{"line":71,"column":0},"end":{"line":71,"column":57}},"71":{"start":{"line":72,"column":0},"end":{"line":72,"column":76}},"72":{"start":{"line":73,"column":0},"end":{"line":73,"column":0}},"73":{"start":{"line":74,"column":0},"end":{"line":74,"column":30}},"74":{"start":{"line":75,"column":0},"end":{"line":75,"column":0}},"75":{"start":{"line":76,"column":0},"end":{"line":76,"column":42}},"76":{"start":{"line":77,"column":0},"end":{"line":77,"column":0}},"77":{"start":{"line":78,"column":0},"end":{"line":78,"column":58}},"78":{"start":{"line":79,"column":0},"end":{"line":79,"column":37}},"79":{"start":{"line":80,"column":0},"end":{"line":80,"column":55}},"80":{"start":{"line":81,"column":0},"end":{"line":81,"column":7}},"81":{"start":{"line":82,"column":0},"end":{"line":82,"column":0}},"82":{"start":{"line":83,"column":0},"end":{"line":83,"column":19}},"83":{"start":{"line":84,"column":0},"end":{"line":84,"column":59}},"84":{"start":{"line":85,"column":0},"end":{"line":85,"column":5}},"85":{"start":{"line":86,"column":0},"end":{"line":86,"column":0}},"86":{"start":{"line":87,"column":0},"end":{"line":87,"column":26}},"87":{"start":{"line":88,"column":0},"end":{"line":88,"column":34}},"88":{"start":{"line":89,"column":0},"end":{"line":89,"column":5}},"89":{"start":{"line":90,"column":0},"end":{"line":90,"column":0}},"90":{"start":{"line":91,"column":0},"end":{"line":91,"column":23}},"91":{"start":{"line":92,"column":0},"end":{"line":92,"column":1}},"92":{"start":{"line":93,"column":0},"end":{"line":93,"column":0}},"93":{"start":{"line":94,"column":0},"end":{"line":94,"column":8}},"94":{"start":{"line":95,"column":0},"end":{"line":95,"column":13}},"95":{"start":{"line":96,"column":0},"end":{"line":96,"column":14}},"96":{"start":{"line":97,"column":0},"end":{"line":97,"column":2}}},"s":{"0":1,"1":1,"2":1,"3":1,"4":1,"5":1,"6":1,"7":1,"8":1,"9":1,"10":1,"11":1,"12":1,"13":1,"14":1,"15":1,"16":1,"17":1,"18":1,"19":1,"20":1,"21":1,"22":1,"23":1,"24":1,"25":1,"26":27,"27":27,"28":27,"29":1,"30":1,"31":1,"32":1,"33":1,"34":1,"35":1,"36":14,"37":14,"38":2,"39":2,"40":12,"41":14,"42":1,"43":1,"44":1,"45":1,"46":1,"47":11,"48":11,"49":11,"50":14,"51":1,"52":10,"53":14,"54":14,"55":14,"56":14,"57":14,"58":14,"59":14,"60":14,"61":14,"62":1,"63":15,"64":15,"65":1,"66":1,"67":14,"68":14,"69":14,"70":14,"71":14,"72":14,"73":14,"74":14,"75":14,"76":14,"77":14,"78":11,"79":11,"80":14,"81":14,"82":15,"83":1,"84":1,"85":14,"86":15,"87":7,"88":7,"89":7,"90":7,"91":7,"92":1,"93":1,"94":1,"95":1,"96":1},"branchMap":{"0":{"type":"branch","line":27,"loc":{"start":{"line":27,"column":0},"end":{"line":29,"column":1}},"locations":[{"start":{"line":27,"column":0},"end":{"line":29,"column":1}}]},"1":{"type":"branch","line":37,"loc":{"start":{"line":37,"column":0},"end":{"line":62,"column":1}},"locations":[{"start":{"line":37,"column":0},"end":{"line":62,"column":1}}]},"2":{"type":"branch","line":38,"loc":{"start":{"line":38,"column":22},"end":{"line":40,"column":5}},"locations":[{"start":{"line":38,"column":22},"end":{"line":40,"column":5}}]},"3":{"type":"branch","line":40,"loc":{"start":{"line":40,"column":4},"end":{"line":42,"column":31}},"locations":[{"start":{"line":40,"column":4},"end":{"line":42,"column":31}}]},"4":{"type":"branch","line":42,"loc":{"start":{"line":42,"column":31},"end":{"line":47,"column":5}},"locations":[{"start":{"line":42,"column":31},"end":{"line":47,"column":5}}]},"5":{"type":"branch","line":47,"loc":{"start":{"line":47,"column":4},"end":{"line":51,"column":37}},"locations":[{"start":{"line":47,"column":4},"end":{"line":51,"column":37}}]},"6":{"type":"branch","line":51,"loc":{"start":{"line":51,"column":24},"end":{"line":51,"column":73}},"locations":[{"start":{"line":51,"column":24},"end":{"line":51,"column":73}}]},"7":{"type":"branch","line":51,"loc":{"start":{"line":51,"column":72},"end":{"line":52,"column":35}},"locations":[{"start":{"line":51,"column":72},"end":{"line":52,"column":35}}]},"8":{"type":"branch","line":52,"loc":{"start":{"line":52,"column":26},"end":{"line":53,"column":16}},"locations":[{"start":{"line":52,"column":26},"end":{"line":53,"column":16}}]},"9":{"type":"branch","line":64,"loc":{"start":{"line":64,"column":0},"end":{"line":92,"column":1}},"locations":[{"start":{"line":64,"column":0},"end":{"line":92,"column":1}}]},"10":{"type":"branch","line":65,"loc":{"start":{"line":65,"column":26},"end":{"line":67,"column":5}},"locations":[{"start":{"line":65,"column":26},"end":{"line":67,"column":5}}]},"11":{"type":"branch","line":67,"loc":{"start":{"line":67,"column":4},"end":{"line":83,"column":18}},"locations":[{"start":{"line":67,"column":4},"end":{"line":83,"column":18}}]},"12":{"type":"branch","line":83,"loc":{"start":{"line":83,"column":18},"end":{"line":85,"column":5}},"locations":[{"start":{"line":83,"column":18},"end":{"line":85,"column":5}}]},"13":{"type":"branch","line":85,"loc":{"start":{"line":85,"column":4},"end":{"line":87,"column":25}},"locations":[{"start":{"line":85,"column":4},"end":{"line":87,"column":25}}]},"14":{"type":"branch","line":87,"loc":{"start":{"line":87,"column":25},"end":{"line":92,"column":1}},"locations":[{"start":{"line":87,"column":25},"end":{"line":92,"column":1}}]},"15":{"type":"branch","line":78,"loc":{"start":{"line":78,"column":46},"end":{"line":81,"column":5}},"locations":[{"start":{"line":78,"column":46},"end":{"line":81,"column":5}}]}},"b":{"0":[27],"1":[14],"2":[2],"3":[12],"4":[1],"5":[11],"6":[1],"7":[1],"8":[10],"9":[15],"10":[1],"11":[14],"12":[1],"13":[14],"14":[7],"15":[11]},"fnMap":{"0":{"name":"isString","decl":{"start":{"line":27,"column":0},"end":{"line":29,"column":1}},"loc":{"start":{"line":27,"column":0},"end":{"line":29,"column":1}},"line":27},"1":{"name":"createConfig","decl":{"start":{"line":37,"column":0},"end":{"line":62,"column":1}},"loc":{"start":{"line":37,"column":0},"end":{"line":62,"column":1}},"line":37},"2":{"name":"badWords","decl":{"start":{"line":64,"column":0},"end":{"line":92,"column":1}},"loc":{"start":{"line":64,"column":0},"end":{"line":92,"column":1}},"line":64},"3":{"name":"get","decl":{"start":{"line":96,"column":4},"end":{"line":96,"column":14}},"loc":{"start":{"line":96,"column":4},"end":{"line":96,"column":14}},"line":96}},"f":{"0":27,"1":14,"2":15,"3":0}}
}
